  [1m[35m (637.3ms)[0m  [1m[35mCREATE DATABASE "organizer_development" ENCODING = 'unicode'[0m
  [1m[35m (620.3ms)[0m  [1m[35mCREATE DATABASE "organizer_test" ENCODING = 'unicode'[0m
  [1m[35m (81.6ms)[0m  [1m[35mCREATE TABLE "schema_migrations" ("version" character varying NOT NULL PRIMARY KEY)[0m
  [1m[35m (61.7ms)[0m  [1m[35mCREATE TABLE "ar_internal_metadata" ("key" character varying NOT NULL PRIMARY KEY, "value" character varying, "created_at" timestamp(6) NOT NULL, "updated_at" timestamp(6) NOT NULL)[0m
  [1m[35m (0.6ms)[0m  [1m[34mSELECT pg_try_advisory_lock(6713659216411901985)[0m
  [1m[35m (1.1ms)[0m  [1m[34mSELECT "schema_migrations"."version" FROM "schema_migrations" ORDER BY "schema_migrations"."version" ASC[0m
Migrating to DeviseCreateUsers (20201029101154)
  [1m[35m (0.2ms)[0m  [1m[35mBEGIN[0m
  [1m[35m (55.6ms)[0m  [1m[35mCREATE TABLE "users" ("id" bigserial primary key, "email" character varying DEFAULT '' NOT NULL, "encrypted_password" character varying DEFAULT '' NOT NULL, "reset_password_token" character varying, "reset_password_sent_at" timestamp, "remember_created_at" timestamp, "created_at" timestamp(6) NOT NULL, "updated_at" timestamp(6) NOT NULL)[0m
  [1m[35m (32.2ms)[0m  [1m[35mCREATE UNIQUE INDEX  "index_users_on_email" ON "users"  ("email")[0m
  [1m[35m (35.8ms)[0m  [1m[35mCREATE UNIQUE INDEX  "index_users_on_reset_password_token" ON "users"  ("reset_password_token")[0m
  [1m[36mprimary::SchemaMigration Create (0.9ms)[0m  [1m[32mINSERT INTO "schema_migrations" ("version") VALUES ($1) RETURNING "version"[0m  [["version", "20201029101154"]]
  [1m[35m (15.9ms)[0m  [1m[35mCOMMIT[0m
Migrating to RolifyCreateRoles (20201029101215)
  [1m[35m (0.4ms)[0m  [1m[35mBEGIN[0m
  [1m[35m (71.7ms)[0m  [1m[35mCREATE TABLE "roles" ("id" bigserial primary key, "name" character varying, "resource_type" character varying, "resource_id" bigint, "created_at" timestamp(6) NOT NULL, "updated_at" timestamp(6) NOT NULL)[0m
  [1m[35m (36.4ms)[0m  [1m[35mCREATE  INDEX  "index_roles_on_resource_type_and_resource_id" ON "roles"  ("resource_type", "resource_id")[0m
  [1m[35m (1.3ms)[0m  [1m[35mCREATE TABLE "users_roles" ("user_id" bigint, "role_id" bigint)[0m
  [1m[35m (32.6ms)[0m  [1m[35mCREATE  INDEX  "index_users_roles_on_user_id" ON "users_roles"  ("user_id")[0m
  [1m[35m (35.7ms)[0m  [1m[35mCREATE  INDEX  "index_users_roles_on_role_id" ON "users_roles"  ("role_id")[0m
  [1m[35m (28.0ms)[0m  [1m[35mCREATE  INDEX  "index_roles_on_name_and_resource_type_and_resource_id" ON "roles"  ("name", "resource_type", "resource_id")[0m
  [1m[35m (40.0ms)[0m  [1m[35mCREATE  INDEX  "index_users_roles_on_user_id_and_role_id" ON "users_roles"  ("user_id", "role_id")[0m
  [1m[36mprimary::SchemaMigration Create (0.6ms)[0m  [1m[32mINSERT INTO "schema_migrations" ("version") VALUES ($1) RETURNING "version"[0m  [["version", "20201029101215"]]
  [1m[35m (13.3ms)[0m  [1m[35mCOMMIT[0m
  [1m[36mActiveRecord::InternalMetadata Load (0.8ms)[0m  [1m[34mSELECT "ar_internal_metadata".* FROM "ar_internal_metadata" WHERE "ar_internal_metadata"."key" = $1 LIMIT $2[0m  [["key", "environment"], ["LIMIT", 1]]
  [1m[35m (0.3ms)[0m  [1m[35mBEGIN[0m
  [1m[36mActiveRecord::InternalMetadata Create (0.8ms)[0m  [1m[32mINSERT INTO "ar_internal_metadata" ("key", "value", "created_at", "updated_at") VALUES ($1, $2, $3, $4) RETURNING "key"[0m  [["key", "environment"], ["value", "development"], ["created_at", "2020-10-29 10:13:45.599569"], ["updated_at", "2020-10-29 10:13:45.599569"]]
  [1m[35m (32.9ms)[0m  [1m[35mCOMMIT[0m
  [1m[35m (0.6ms)[0m  [1m[34mSELECT pg_advisory_unlock(6713659216411901985)[0m
  [1m[35m (1.1ms)[0m  [1m[34mSELECT "schema_migrations"."version" FROM "schema_migrations" ORDER BY "schema_migrations"."version" ASC[0m
  [1m[35m (0.4ms)[0m  [1m[35mBEGIN[0m
  [1m[36mUser Exists? (1.7ms)[0m  [1m[34mSELECT 1 AS one FROM "users" WHERE "users"."email" = $1 LIMIT $2[0m  [["email", "anyemail@address.com"], ["LIMIT", 1]]
  [1m[36mUser Create (1.3ms)[0m  [1m[32mINSERT INTO "users" ("email", "encrypted_password", "created_at", "updated_at") VALUES ($1, $2, $3, $4) RETURNING "id"[0m  [["email", "anyemail@address.com"], ["encrypted_password", "$2a$12$tIwO1ZuKrijA0JQkiLeaQuUYHzykaUP25/kkZsQrGD/6WmkrECzpa"], ["created_at", "2020-10-29 10:14:12.671981"], ["updated_at", "2020-10-29 10:14:12.671981"]]
  [1m[35m (12.2ms)[0m  [1m[35mCOMMIT[0m
  [1m[36mRole Load (1.2ms)[0m  [1m[34mSELECT "roles".* FROM "roles" WHERE "roles"."name" = $1 AND "roles"."resource_type" IS NULL AND "roles"."resource_id" IS NULL ORDER BY "roles"."id" ASC LIMIT $2[0m  [["name", "admin"], ["LIMIT", 1]]
  [1m[35m (0.3ms)[0m  [1m[35mBEGIN[0m
  [1m[36mRole Create (1.0ms)[0m  [1m[32mINSERT INTO "roles" ("name", "created_at", "updated_at") VALUES ($1, $2, $3) RETURNING "id"[0m  [["name", "admin"], ["created_at", "2020-10-29 10:14:19.729521"], ["updated_at", "2020-10-29 10:14:19.729521"]]
  [1m[35m (13.9ms)[0m  [1m[35mCOMMIT[0m
  [1m[36mRole Exists? (0.6ms)[0m  [1m[34mSELECT 1 AS one FROM "roles" INNER JOIN "users_roles" ON "roles"."id" = "users_roles"."role_id" WHERE "users_roles"."user_id" = $1 AND "roles"."id" = $2 LIMIT $3[0m  [["user_id", 1], ["id", 1], ["LIMIT", 1]]
  [1m[36mRole Exists? (0.3ms)[0m  [1m[34mSELECT 1 AS one FROM "roles" INNER JOIN "users_roles" ON "roles"."id" = "users_roles"."role_id" WHERE "users_roles"."user_id" = $1 AND "roles"."id" = $2 LIMIT $3[0m  [["user_id", 1], ["id", 1], ["LIMIT", 1]]
  [1m[35m (0.1ms)[0m  [1m[35mBEGIN[0m
  [1m[36mUser::HABTM_Roles Create (0.4ms)[0m  [1m[32mINSERT INTO "users_roles" ("user_id", "role_id") VALUES ($1, $2)[0m  [["user_id", 1], ["role_id", 1]]
  [1m[35m (12.6ms)[0m  [1m[35mCOMMIT[0m
  [1m[36mRole Load (1.3ms)[0m  [1m[34mSELECT "roles".* FROM "roles" INNER JOIN "users_roles" ON "roles"."id" = "users_roles"."role_id" WHERE "users_roles"."user_id" = $1 AND (((roles.name = 'admin') AND (roles.resource_type IS NULL) AND (roles.resource_id IS NULL)))[0m  [["user_id", 1]]
  [1m[36mUser Load (0.6ms)[0m  [1m[34mSELECT "users".* FROM "users" WHERE "users"."id" = $1 LIMIT $2[0m  [["id", 1], ["LIMIT", 1]]
  [1m[36mUser Load (0.4ms)[0m  [1m[34mSELECT "users".* FROM "users" WHERE "users"."id" = $1 LIMIT $2[0m  [["id", 1], ["LIMIT", 1]]
  [1m[36mRole Load (0.6ms)[0m  [1m[34mSELECT "roles".* FROM "roles" INNER JOIN "users_roles" ON "roles"."id" = "users_roles"."role_id" WHERE "users_roles"."user_id" = $1 AND (((roles.name = 'admin') AND (roles.resource_type IS NULL) AND (roles.resource_id IS NULL)))[0m  [["user_id", 1]]
